<?xml version="1.0" encoding="UTF-8"?>
<testng-results skipped="0" failed="0" ignored="0" total="1" passed="1">
  <reporter-output>
  </reporter-output>
  <suite name="Default suite" duration-ms="16012" started-at="2022-03-23T14:45:00 IST" finished-at="2022-03-23T14:45:16 IST">
    <groups>
    </groups>
    <test name="Default test" duration-ms="16012" started-at="2022-03-23T14:45:00 IST" finished-at="2022-03-23T14:45:16 IST">
      <class name="com.crm.vtiger.testcases.LoginPageTest">
        <test-method status="PASS" signature="LoginToApp()[pri:0, instance:com.crm.vtiger.testcases.LoginPageTest@1060b431]" name="LoginToApp" duration-ms="15955" started-at="2022-03-23T14:45:00 IST" finished-at="2022-03-23T14:45:16 IST">
          <reporter-output>
          </reporter-output>
        </test-method> <!-- LoginToApp -->
      </class> <!-- com.crm.vtiger.testcases.LoginPageTest -->
    </test> <!-- Default test -->
  </suite> <!-- Default suite -->
</testng-results>
